<?xml version="1.0" encoding="UTF-8"?>
<!-- Generated by org.testng.reporters.JUnitReportReporter -->
<testsuite skipped="0" hostname="DESKTOP-0LE1PPF" name="hw2.AddMantisUserTest" tests="9" failures="0" timestamp="01 апр 2019 14:42:54 GMT" time="8.562" errors="0">
  <testcase name="assertBrowserTitle" time="0.016" classname="hw2.AddMantisUserTest"/>
  <testcase name="performLoginAndAssertUserName" time="1.299" classname="hw2.AddMantisUserTest"/>
  <testcase name="AssertLeftSideMenu" time="0.056" classname="hw2.AddMantisUserTest"/>
  <testcase name="testManageButton" time="0.732" classname="hw2.AddMantisUserTest"/>
  <testcase name="createNewAccount" time="0.667" classname="hw2.AddMantisUserTest"/>
  <testcase name="fillUserInformation" time="1.911" classname="hw2.AddMantisUserTest"/>
  <testcase name="createNewUserAccountAndLogout" time="1.810" classname="hw2.AddMantisUserTest"/>
  <testcase name="loginMewAccount" time="1.551" classname="hw2.AddMantisUserTest"/>
  <testcase name="AssertUserNameAndLogout" time="0.520" classname="hw2.AddMantisUserTest"/>
</testsuite> <!-- hw2.AddMantisUserTest -->
