<?xml version="1.0" encoding="UTF-8"?>
<!-- Generated by org.testng.reporters.JUnitReportReporter -->
<testsuite skipped="0" hostname="DESKTOP-0LE1PPF" name="hw2.AddMantisProjectTest" tests="7" failures="0" timestamp="01 апр 2019 14:42:54 GMT" time="4.815" errors="0">
  <testcase name="assertBrowserTitle" time="0.013" classname="hw2.AddMantisProjectTest"/>
  <testcase name="performLoginAndAssertUserName" time="1.445" classname="hw2.AddMantisProjectTest"/>
  <testcase name="AssertLeftSideMenu" time="0.060" classname="hw2.AddMantisProjectTest"/>
  <testcase name="testManageButton" time="0.459" classname="hw2.AddMantisProjectTest"/>
  <testcase name="assertFields" time="1.075" classname="hw2.AddMantisProjectTest"/>
  <testcase name="addProject" time="1.218" classname="hw2.AddMantisProjectTest"/>
  <testcase name="logout" time="0.545" classname="hw2.AddMantisProjectTest"/>
</testsuite> <!-- hw2.AddMantisProjectTest -->
